[debug] [2019-04-01T11:26:13.634Z] ----------------------------------------------------------------------
[debug] [2019-04-01T11:26:13.636Z] Command:       C:\Program Files\nodejs\node.exe C:\Users\StudentAdmin\AppData\Roaming\npm\node_modules\firebase-tools\lib\bin\firebase.js deploy
[debug] [2019-04-01T11:26:13.637Z] CLI Version:   6.5.0
[debug] [2019-04-01T11:26:13.637Z] Platform:      win32
[debug] [2019-04-01T11:26:13.637Z] Node Version:  v8.12.0
[debug] [2019-04-01T11:26:13.638Z] Time:          Mon Apr 01 2019 14:26:13 GMT+0300 (Arab Standard Time)
[debug] [2019-04-01T11:26:13.638Z] ----------------------------------------------------------------------
[debug] 
[debug] [2019-04-01T11:26:13.647Z] > command requires scopes: ["email","openid","https://www.googleapis.com/auth/cloudplatformprojects.readonly","https://www.googleapis.com/auth/firebase","https://www.googleapis.com/auth/cloud-platform"]
[debug] [2019-04-01T11:26:13.647Z] > authorizing via signed-in user
[debug] [2019-04-01T11:26:13.648Z] [iam] checking project manproject-8a2c9 for permissions ["cloudfunctions.functions.create","cloudfunctions.functions.delete","cloudfunctions.functions.get","cloudfunctions.functions.list","cloudfunctions.functions.update","cloudfunctions.operations.get","firebase.projects.get"]
[debug] [2019-04-01T11:26:13.649Z] >>> HTTP REQUEST POST https://cloudresourcemanager.googleapis.com/v1/projects/manproject-8a2c9:testIamPermissions  

[debug] [2019-04-01T11:26:15.164Z] <<< HTTP RESPONSE 200
[info] 
[info] === Deploying to 'manproject-8a2c9'...
[info] 
[info] i  deploying functions
[info] Running command: npm --prefix "$RESOURCE_DIR" run lint
[info] Running command: npm --prefix "$RESOURCE_DIR" run build
[info] +  functions: Finished running predeploy script.
[debug] [2019-04-01T11:26:25.215Z] > [functions] package.json contents: {
  "name": "functions",
  "scripts": {
    "lint": "tslint --project tsconfig.json",
    "build": "tsc",
    "serve": "npm run build && firebase serve --only functions",
    "shell": "npm run build && firebase functions:shell",
    "start": "npm run shell",
    "deploy": "firebase deploy --only functions",
    "logs": "firebase functions:log"
  },
  "main": "lib/index.js",
  "dependencies": {
    "firebase-admin": "~7.0.0",
    "firebase-functions": "^2.2.0"
  },
  "devDependencies": {
    "tslint": "^5.12.0",
    "typescript": "^3.2.2"
  },
  "private": true
}
[info] i  functions: ensuring necessary APIs are enabled...
[debug] [2019-04-01T11:26:25.216Z] >>> HTTP REQUEST GET https://servicemanagement.googleapis.com/v1/services/cloudfunctions.googleapis.com/projectSettings/manproject-8a2c9?view=CONSUMER_VIEW  
 
[debug] [2019-04-01T11:26:25.217Z] >>> HTTP REQUEST GET https://servicemanagement.googleapis.com/v1/services/runtimeconfig.googleapis.com/projectSettings/manproject-8a2c9?view=CONSUMER_VIEW  
 
[debug] [2019-04-01T11:26:27.495Z] <<< HTTP RESPONSE 200
[debug] [2019-04-01T11:26:27.639Z] <<< HTTP RESPONSE 200
[info] +  functions: all necessary APIs are enabled
[debug] [2019-04-01T11:26:27.641Z] >>> HTTP REQUEST GET https://cloudresourcemanager.googleapis.com/v1/projects/manproject-8a2c9  
 
[debug] [2019-04-01T11:26:29.096Z] <<< HTTP RESPONSE 200
[debug] [2019-04-01T11:26:29.097Z] >>> HTTP REQUEST GET https://mobilesdk-pa.googleapis.com/v1/projects/736852080752:getServerAppConfig  
 
[debug] [2019-04-01T11:26:29.652Z] <<< HTTP RESPONSE 200
[info] i  functions: preparing functions directory for uploading...
[debug] [2019-04-01T11:26:29.657Z] >>> HTTP REQUEST GET https://runtimeconfig.googleapis.com/v1beta1/projects/manproject-8a2c9/configs  
 
[debug] [2019-04-01T11:26:31.610Z] <<< HTTP RESPONSE 200
[info] i  functions: packaged functions (36.71 KB) for uploading
[debug] [2019-04-01T11:26:31.994Z] >>> HTTP REQUEST POST https://cloudfunctions.googleapis.com/v1/projects/manproject-8a2c9/locations/us-central1/functions:generateUploadUrl  
 
[debug] [2019-04-01T11:26:32.742Z] <<< HTTP RESPONSE 200
[debug] [2019-04-01T11:26:32.744Z] >>> HTTP REQUEST PUT https://storage.googleapis.com/gcf-upload-us-central1-61df16e4-0de0-426f-91ef-ddea42b1f93f/85cc1cb7-adb2-4f34-a71f-7410805b0bb9.zip?GoogleAccessId=service-736852080752@gcf-admin-robot.iam.gserviceaccount.com&Expires=1554119792&Signature=NFI2fnUwVY1KhS5lelj7YzfF5OFIuvKSUEwUCGtA2t%2FWvOumUnmYkAG45hTK4zeUOVTfcOrVVxUZKn49Xp8%2Bm%2B6NkCFHupf9Yy4SA%2BjnW9n7L%2FyOVQ%2F0jYymGU3UxQipPI%2BnDVtqMv8AWsjS9eSF5hnFq6zO7LHs5mGveiZEPfFcBWQKxKdR2aDDANnPE%2FREHLmJzR2uYq%2B67IXWgx4zTxJveWyWagUz6xFECZ44%2B%2FUb3buIuDkvyNuEzOFnXcWl7devrcoSgWWHvd340%2B5bIwd99GGslSRpIf5prLyWKmXIra2xKAYMTW6%2BNzC9ty9BFuH%2FQr1JOs0wqgc7dyqgGQ%3D%3D  

[debug] [2019-04-01T11:26:33.614Z] <<< HTTP RESPONSE 200
[info] +  functions: functions folder uploaded successfully
[debug] [2019-04-01T11:26:33.621Z] >>> HTTP REQUEST GET https://cloudfunctions.googleapis.com/v1/projects/manproject-8a2c9/locations/-/functions  
 
[debug] [2019-04-01T11:26:54.630Z] [functions] failed to list functions for manproject-8a2c9
[debug] [2019-04-01T11:26:54.630Z] [functions] Server Error. connect ETIMEDOUT 172.217.160.10:443
[debug] [2019-04-01T11:26:55.042Z] 
[error] 
[error] Error: An unexpected error has occurred.
